<?xml version="1.0" encoding="UTF-8"?>
<testng-results ignored="0" total="1" passed="1" failed="0" skipped="0">
  <reporter-output>
  </reporter-output>
  <suite started-at="2024-07-25T23:56:44 IST" name="Surefire suite" finished-at="2024-07-25T23:56:46 IST" duration-ms="1952">
    <groups>
    </groups>
    <test started-at="2024-07-25T23:56:44 IST" name="Surefire test" finished-at="2024-07-25T23:56:46 IST" duration-ms="1952">
      <class name="tests.TestsExample">
        <test-method signature="test_1()[pri:0, instance:tests.TestsExample@2a266d09]" started-at="2024-07-25T23:56:44 IST" name="test_1" finished-at="2024-07-25T23:56:46 IST" duration-ms="1883" status="PASS">
          <reporter-output>
          </reporter-output>
        </test-method> <!-- test_1 -->
      </class> <!-- tests.TestsExample -->
    </test> <!-- Surefire test -->
  </suite> <!-- Surefire suite -->
</testng-results>
